<?xml version="1.0" encoding="UTF-8"?>
<testng-results skipped="0" failed="0" ignored="0" total="1" passed="1">
  <reporter-output>
  </reporter-output>
  <suite name="Default suite" duration-ms="7645" started-at="2020-12-10T20:44:13Z" finished-at="2020-12-10T20:44:21Z">
    <groups>
    </groups>
    <test name="Default test" duration-ms="7645" started-at="2020-12-10T20:44:13Z" finished-at="2020-12-10T20:44:21Z">
      <class name="com.auto.testNG.PageTest">
        <test-method status="PASS" signature="setUp()[pri:0, instance:com.auto.testNG.PageTest@1593948d]" name="setUp" is-config="true" duration-ms="4534" started-at="2020-12-11T01:44:13Z" finished-at="2020-12-11T01:44:18Z">
          <reporter-output>
          </reporter-output>
        </test-method> <!-- setUp -->
        <test-method status="PASS" signature="verifySecondPageText()[pri:0, instance:com.auto.testNG.PageTest@1593948d]" name="verifySecondPageText" duration-ms="2305" started-at="2020-12-11T01:44:18Z" finished-at="2020-12-11T01:44:20Z">
          <reporter-output>
          </reporter-output>
        </test-method> <!-- verifySecondPageText -->
        <test-method status="PASS" signature="tearDown()[pri:0, instance:com.auto.testNG.PageTest@1593948d]" name="tearDown" is-config="true" duration-ms="782" started-at="2020-12-11T01:44:20Z" finished-at="2020-12-11T01:44:21Z">
          <reporter-output>
          </reporter-output>
        </test-method> <!-- tearDown -->
      </class> <!-- com.auto.testNG.PageTest -->
    </test> <!-- Default test -->
  </suite> <!-- Default suite -->
</testng-results>
